2024-12-30 01:25:02,099 - INFO - Loaded 2032 proxies.
2024-12-30 01:25:02,846 - INFO - Attempting to scrape https://www.bistrodebok.nl (Retry 1/3)
2024-12-30 01:25:10,867 - ERROR - Error scraping https://www.bistrodebok.nl: Page.goto: net::ERR_TIMED_OUT at https://www.bistrodebok.nl/
Call log:
  - navigating to "https://www.bistrodebok.nl/", waiting until "load"

2024-12-30 01:25:15,873 - INFO - Attempting to scrape https://www.bistrodebok.nl (Retry 2/3)
2024-12-30 01:25:23,883 - ERROR - Error scraping https://www.bistrodebok.nl: Page.goto: net::ERR_TIMED_OUT at https://www.bistrodebok.nl/
Call log:
  - navigating to "https://www.bistrodebok.nl/", waiting until "load"

2024-12-30 01:25:28,899 - INFO - Attempting to scrape https://www.bistrodebok.nl (Retry 3/3)
2024-12-30 01:25:36,910 - ERROR - Error scraping https://www.bistrodebok.nl: Page.goto: net::ERR_TIMED_OUT at https://www.bistrodebok.nl/
Call log:
  - navigating to "https://www.bistrodebok.nl/", waiting until "load"

2024-12-30 01:25:36,911 - WARNING - Failed to scrape https://www.bistrodebok.nl after 3 retries.
2024-12-30 01:25:37,579 - INFO - Attempting to scrape https://www.zzgzorggroep.nl (Retry 1/3)
2024-12-30 01:25:45,599 - ERROR - Error scraping https://www.zzgzorggroep.nl: Page.goto: net::ERR_TIMED_OUT at https://www.zzgzorggroep.nl/
Call log:
  - navigating to "https://www.zzgzorggroep.nl/", waiting until "load"

2024-12-30 01:25:50,609 - INFO - Attempting to scrape https://www.zzgzorggroep.nl (Retry 2/3)
2024-12-30 01:25:58,640 - ERROR - Error scraping https://www.zzgzorggroep.nl: Page.goto: net::ERR_TIMED_OUT at https://www.zzgzorggroep.nl/
Call log:
  - navigating to "https://www.zzgzorggroep.nl/", waiting until "load"

2024-12-30 01:26:03,660 - INFO - Attempting to scrape https://www.zzgzorggroep.nl (Retry 3/3)
2024-12-30 01:26:11,703 - ERROR - Error scraping https://www.zzgzorggroep.nl: Page.goto: net::ERR_TIMED_OUT at https://www.zzgzorggroep.nl/
Call log:
  - navigating to "https://www.zzgzorggroep.nl/", waiting until "load"

2024-12-30 01:26:11,704 - WARNING - Failed to scrape https://www.zzgzorggroep.nl after 3 retries.
2024-12-30 01:26:12,379 - INFO - Attempting to scrape https://www.food2gonijmegen.nl (Retry 1/3)
2024-12-30 01:26:20,402 - ERROR - Error scraping https://www.food2gonijmegen.nl: Page.goto: net::ERR_TIMED_OUT at https://www.food2gonijmegen.nl/
Call log:
  - navigating to "https://www.food2gonijmegen.nl/", waiting until "load"

2024-12-30 01:26:25,430 - INFO - Attempting to scrape https://www.food2gonijmegen.nl (Retry 2/3)
2024-12-30 01:26:33,454 - ERROR - Error scraping https://www.food2gonijmegen.nl: Page.goto: net::ERR_TIMED_OUT at https://www.food2gonijmegen.nl/
Call log:
  - navigating to "https://www.food2gonijmegen.nl/", waiting until "load"

2024-12-30 01:26:38,470 - INFO - Attempting to scrape https://www.food2gonijmegen.nl (Retry 3/3)
2024-12-30 01:26:46,487 - ERROR - Error scraping https://www.food2gonijmegen.nl: Page.goto: net::ERR_TIMED_OUT at https://www.food2gonijmegen.nl/
Call log:
  - navigating to "https://www.food2gonijmegen.nl/", waiting until "load"

2024-12-30 01:26:46,487 - WARNING - Failed to scrape https://www.food2gonijmegen.nl after 3 retries.
2024-12-30 01:26:47,142 - INFO - Attempting to scrape https://www.chineesderoos.nl (Retry 1/3)
2024-12-30 01:26:54,516 - ERROR - Error scraping https://www.chineesderoos.nl: Page.goto: net::ERR_EMPTY_RESPONSE at https://www.chineesderoos.nl/
Call log:
  - navigating to "https://www.chineesderoos.nl/", waiting until "load"

2024-12-30 01:26:59,536 - INFO - Attempting to scrape https://www.chineesderoos.nl (Retry 2/3)
2024-12-30 01:27:07,566 - ERROR - Error scraping https://www.chineesderoos.nl: Page.goto: net::ERR_TIMED_OUT at https://www.chineesderoos.nl/
Call log:
  - navigating to "https://www.chineesderoos.nl/", waiting until "load"

2024-12-30 01:27:12,591 - INFO - Attempting to scrape https://www.chineesderoos.nl (Retry 3/3)
2024-12-30 01:27:20,612 - ERROR - Error scraping https://www.chineesderoos.nl: Page.goto: net::ERR_TIMED_OUT at https://www.chineesderoos.nl/
Call log:
  - navigating to "https://www.chineesderoos.nl/", waiting until "load"

2024-12-30 01:27:20,612 - WARNING - Failed to scrape https://www.chineesderoos.nl after 3 retries.
2024-12-30 01:27:21,288 - INFO - Attempting to scrape https://www.pleknijmegen.nl (Retry 1/3)
2024-12-30 01:27:21,648 - ERROR - Error scraping https://www.pleknijmegen.nl: Page.goto: net::ERR_EMPTY_RESPONSE at https://www.pleknijmegen.nl/
Call log:
  - navigating to "https://www.pleknijmegen.nl/", waiting until "load"

2024-12-30 01:27:26,658 - INFO - Attempting to scrape https://www.pleknijmegen.nl (Retry 2/3)
2024-12-30 01:27:30,427 - ERROR - Error scraping https://www.pleknijmegen.nl: Page.goto: net::ERR_EMPTY_RESPONSE at https://www.pleknijmegen.nl/
Call log:
  - navigating to "https://www.pleknijmegen.nl/", waiting until "load"

2024-12-30 01:27:35,440 - INFO - Attempting to scrape https://www.pleknijmegen.nl (Retry 3/3)
2024-12-30 01:27:43,460 - ERROR - Error scraping https://www.pleknijmegen.nl: Page.goto: net::ERR_TIMED_OUT at https://www.pleknijmegen.nl/
Call log:
  - navigating to "https://www.pleknijmegen.nl/", waiting until "load"

2024-12-30 01:27:43,460 - WARNING - Failed to scrape https://www.pleknijmegen.nl after 3 retries.
2024-12-30 01:27:44,276 - INFO - Attempting to scrape https://www.bistrodebok.nl (Retry 1/3)
2024-12-30 01:27:44,337 - ERROR - Error scraping https://www.bistrodebok.nl: Page.goto: net::ERR_EMPTY_RESPONSE at https://www.bistrodebok.nl/
Call log:
  - navigating to "https://www.bistrodebok.nl/", waiting until "load"

2024-12-30 01:27:49,344 - INFO - Attempting to scrape https://www.bistrodebok.nl (Retry 2/3)
2024-12-30 01:27:49,419 - ERROR - Error scraping https://www.bistrodebok.nl: Page.goto: net::ERR_EMPTY_RESPONSE at https://www.bistrodebok.nl/
Call log:
  - navigating to "https://www.bistrodebok.nl/", waiting until "load"

2024-12-30 01:27:54,437 - INFO - Attempting to scrape https://www.bistrodebok.nl (Retry 3/3)
2024-12-30 01:27:54,504 - ERROR - Error scraping https://www.bistrodebok.nl: Page.goto: net::ERR_EMPTY_RESPONSE at https://www.bistrodebok.nl/
Call log:
  - navigating to "https://www.bistrodebok.nl/", waiting until "load"

2024-12-30 01:27:54,504 - WARNING - Failed to scrape https://www.bistrodebok.nl after 3 retries.
2024-12-30 01:27:55,217 - INFO - Attempting to scrape https://www.zzgzorggroep.nl (Retry 1/3)
2024-12-30 01:28:03,247 - ERROR - Error scraping https://www.zzgzorggroep.nl: Page.goto: net::ERR_TIMED_OUT at https://www.zzgzorggroep.nl/
Call log:
  - navigating to "https://www.zzgzorggroep.nl/", waiting until "load"

2024-12-30 01:28:08,265 - INFO - Attempting to scrape https://www.zzgzorggroep.nl (Retry 2/3)
2024-12-30 01:28:16,286 - ERROR - Error scraping https://www.zzgzorggroep.nl: Page.goto: net::ERR_TIMED_OUT at https://www.zzgzorggroep.nl/
Call log:
  - navigating to "https://www.zzgzorggroep.nl/", waiting until "load"

2024-12-30 01:28:21,302 - INFO - Attempting to scrape https://www.zzgzorggroep.nl (Retry 3/3)
2024-12-30 01:28:29,323 - ERROR - Error scraping https://www.zzgzorggroep.nl: Page.goto: net::ERR_TIMED_OUT at https://www.zzgzorggroep.nl/
Call log:
  - navigating to "https://www.zzgzorggroep.nl/", waiting until "load"

2024-12-30 01:28:29,324 - WARNING - Failed to scrape https://www.zzgzorggroep.nl after 3 retries.
2024-12-30 01:28:30,029 - INFO - Attempting to scrape https://www.food2gonijmegen.nl (Retry 1/3)
2024-12-30 01:28:31,838 - ERROR - Error scraping https://www.food2gonijmegen.nl: Page.goto: net::ERR_TUNNEL_CONNECTION_FAILED at https://www.food2gonijmegen.nl/
Call log:
  - navigating to "https://www.food2gonijmegen.nl/", waiting until "load"

2024-12-30 01:28:36,857 - INFO - Attempting to scrape https://www.food2gonijmegen.nl (Retry 2/3)
2024-12-30 01:28:39,115 - ERROR - Error scraping https://www.food2gonijmegen.nl: Page.goto: net::ERR_TUNNEL_CONNECTION_FAILED at https://www.food2gonijmegen.nl/
Call log:
  - navigating to "https://www.food2gonijmegen.nl/", waiting until "load"

2024-12-30 01:28:44,130 - INFO - Attempting to scrape https://www.food2gonijmegen.nl (Retry 3/3)
2024-12-30 01:28:44,356 - ERROR - Error scraping https://www.food2gonijmegen.nl: Page.goto: net::ERR_TUNNEL_CONNECTION_FAILED at https://www.food2gonijmegen.nl/
Call log:
  - navigating to "https://www.food2gonijmegen.nl/", waiting until "load"

2024-12-30 01:28:44,356 - WARNING - Failed to scrape https://www.food2gonijmegen.nl after 3 retries.
2024-12-30 01:28:45,057 - INFO - Attempting to scrape https://www.cafe-etenendrinken.nl (Retry 1/3)
2024-12-30 01:29:45,066 - ERROR - Error scraping https://www.cafe-etenendrinken.nl: Page.goto: Timeout 60000ms exceeded.
Call log:
  - navigating to "https://www.cafe-etenendrinken.nl/", waiting until "load"

2024-12-30 01:29:50,091 - INFO - Attempting to scrape https://www.cafe-etenendrinken.nl (Retry 2/3)
2024-12-30 01:30:50,111 - ERROR - Error scraping https://www.cafe-etenendrinken.nl: Page.goto: Timeout 60000ms exceeded.
Call log:
  - navigating to "https://www.cafe-etenendrinken.nl/", waiting until "load"

2024-12-30 01:30:55,124 - INFO - Attempting to scrape https://www.cafe-etenendrinken.nl (Retry 3/3)
2024-12-30 01:31:55,141 - ERROR - Error scraping https://www.cafe-etenendrinken.nl: Page.goto: Timeout 60000ms exceeded.
Call log:
  - navigating to "https://www.cafe-etenendrinken.nl/", waiting until "load"

2024-12-30 01:31:55,142 - WARNING - Failed to scrape https://www.cafe-etenendrinken.nl after 3 retries.
2024-12-30 01:31:55,874 - INFO - Attempting to scrape https://www.moeke.nl (Retry 1/3)
2024-12-30 01:32:03,902 - ERROR - Error scraping https://www.moeke.nl: Page.goto: net::ERR_TIMED_OUT at https://www.moeke.nl/
Call log:
  - navigating to "https://www.moeke.nl/", waiting until "load"

2024-12-30 01:32:08,910 - INFO - Attempting to scrape https://www.moeke.nl (Retry 2/3)
2024-12-30 01:32:16,942 - ERROR - Error scraping https://www.moeke.nl: Page.goto: net::ERR_TIMED_OUT at https://www.moeke.nl/
Call log:
  - navigating to "https://www.moeke.nl/", waiting until "load"

2024-12-30 01:32:21,963 - INFO - Attempting to scrape https://www.moeke.nl (Retry 3/3)
2024-12-30 01:32:29,988 - ERROR - Error scraping https://www.moeke.nl: Page.goto: net::ERR_TIMED_OUT at https://www.moeke.nl/
Call log:
  - navigating to "https://www.moeke.nl/", waiting until "load"

2024-12-30 01:32:29,988 - WARNING - Failed to scrape https://www.moeke.nl after 3 retries.
2024-12-30 01:32:30,701 - INFO - Attempting to scrape https://www.osteriapomodoro.nl (Retry 1/3)
2024-12-30 01:32:38,714 - ERROR - Error scraping https://www.osteriapomodoro.nl: Page.goto: net::ERR_TIMED_OUT at https://www.osteriapomodoro.nl/
Call log:
  - navigating to "https://www.osteriapomodoro.nl/", waiting until "load"

2024-12-30 01:32:43,731 - INFO - Attempting to scrape https://www.osteriapomodoro.nl (Retry 2/3)
2024-12-30 01:32:51,766 - ERROR - Error scraping https://www.osteriapomodoro.nl: Page.goto: net::ERR_TIMED_OUT at https://www.osteriapomodoro.nl/
Call log:
  - navigating to "https://www.osteriapomodoro.nl/", waiting until "load"

2024-12-30 01:32:56,775 - INFO - Attempting to scrape https://www.osteriapomodoro.nl (Retry 3/3)
2024-12-30 01:33:04,799 - ERROR - Error scraping https://www.osteriapomodoro.nl: Page.goto: net::ERR_TIMED_OUT at https://www.osteriapomodoro.nl/
Call log:
  - navigating to "https://www.osteriapomodoro.nl/", waiting until "load"

2024-12-30 01:33:04,799 - WARNING - Failed to scrape https://www.osteriapomodoro.nl after 3 retries.
2024-12-30 01:33:05,568 - INFO - Attempting to scrape https://www.stroomlent.nl (Retry 1/3)
2024-12-30 01:33:14,985 - ERROR - Error scraping https://www.stroomlent.nl: Page.goto: net::ERR_CONNECTION_CLOSED at https://www.stroomlent.nl/
Call log:
  - navigating to "https://www.stroomlent.nl/", waiting until "load"

2024-12-30 01:33:20,006 - INFO - Attempting to scrape https://www.stroomlent.nl (Retry 2/3)
2024-12-30 01:33:25,211 - ERROR - Error scraping https://www.stroomlent.nl: Page.goto: net::ERR_EMPTY_RESPONSE at https://www.stroomlent.nl/
Call log:
  - navigating to "https://www.stroomlent.nl/", waiting until "load"

2024-12-30 01:33:30,232 - INFO - Attempting to scrape https://www.stroomlent.nl (Retry 3/3)
2024-12-30 01:33:38,257 - ERROR - Error scraping https://www.stroomlent.nl: Page.goto: net::ERR_TIMED_OUT at https://www.stroomlent.nl/
Call log:
  - navigating to "https://www.stroomlent.nl/", waiting until "load"

2024-12-30 01:33:38,257 - WARNING - Failed to scrape https://www.stroomlent.nl after 3 retries.
2024-12-30 01:33:39,055 - INFO - Attempting to scrape https://www.cafedezonlent.nl (Retry 1/3)
2024-12-30 01:33:39,285 - ERROR - Error scraping https://www.cafedezonlent.nl: Page.goto: net::ERR_TUNNEL_CONNECTION_FAILED at https://www.cafedezonlent.nl/
Call log:
  - navigating to "https://www.cafedezonlent.nl/", waiting until "load"

2024-12-30 01:33:44,305 - INFO - Attempting to scrape https://www.cafedezonlent.nl (Retry 2/3)
2024-12-30 01:33:44,535 - ERROR - Error scraping https://www.cafedezonlent.nl: Page.goto: net::ERR_TUNNEL_CONNECTION_FAILED at https://www.cafedezonlent.nl/
Call log:
  - navigating to "https://www.cafedezonlent.nl/", waiting until "load"

2024-12-30 01:33:49,544 - INFO - Attempting to scrape https://www.cafedezonlent.nl (Retry 3/3)
2024-12-30 01:33:49,803 - ERROR - Error scraping https://www.cafedezonlent.nl: Page.goto: net::ERR_TUNNEL_CONNECTION_FAILED at https://www.cafedezonlent.nl/
Call log:
  - navigating to "https://www.cafedezonlent.nl/", waiting until "load"

2024-12-30 01:33:49,803 - WARNING - Failed to scrape https://www.cafedezonlent.nl after 3 retries.
2024-12-30 01:33:50,542 - INFO - Attempting to scrape https://www.valknijmegen.nl (Retry 1/3)
2024-12-30 01:34:12,576 - INFO - Emails found on https://www.valknijmegen.nl: ['nijmegen@valk.com']
2024-12-30 01:34:13,357 - INFO - Attempting to scrape https://www.cafe-etenendrinken.nl (Retry 1/3)
2024-12-30 01:34:21,375 - ERROR - Error scraping https://www.cafe-etenendrinken.nl: Page.goto: net::ERR_TIMED_OUT at https://www.cafe-etenendrinken.nl/
Call log:
  - navigating to "https://www.cafe-etenendrinken.nl/", waiting until "load"

2024-12-30 01:34:26,396 - INFO - Attempting to scrape https://www.cafe-etenendrinken.nl (Retry 2/3)
2024-12-30 01:34:34,418 - ERROR - Error scraping https://www.cafe-etenendrinken.nl: Page.goto: net::ERR_TIMED_OUT at https://www.cafe-etenendrinken.nl/
Call log:
  - navigating to "https://www.cafe-etenendrinken.nl/", waiting until "load"

2024-12-30 01:34:39,432 - INFO - Attempting to scrape https://www.cafe-etenendrinken.nl (Retry 3/3)
2024-12-30 01:34:47,458 - ERROR - Error scraping https://www.cafe-etenendrinken.nl: Page.goto: net::ERR_TIMED_OUT at https://www.cafe-etenendrinken.nl/
Call log:
  - navigating to "https://www.cafe-etenendrinken.nl/", waiting until "load"

2024-12-30 01:34:47,458 - WARNING - Failed to scrape https://www.cafe-etenendrinken.nl after 3 retries.
2024-12-30 01:34:48,159 - INFO - Attempting to scrape https://www.moeke.nl (Retry 1/3)
2024-12-30 01:34:56,177 - ERROR - Error scraping https://www.moeke.nl: Page.goto: net::ERR_TIMED_OUT at https://www.moeke.nl/
Call log:
  - navigating to "https://www.moeke.nl/", waiting until "load"

2024-12-30 01:35:01,191 - INFO - Attempting to scrape https://www.moeke.nl (Retry 2/3)
2024-12-30 01:36:01,210 - ERROR - Error scraping https://www.moeke.nl: Page.goto: Timeout 60000ms exceeded.
Call log:
  - navigating to "https://www.moeke.nl/", waiting until "load"

2024-12-30 01:36:06,219 - INFO - Attempting to scrape https://www.moeke.nl (Retry 3/3)
2024-12-30 01:36:14,235 - ERROR - Error scraping https://www.moeke.nl: Page.goto: net::ERR_TIMED_OUT at https://www.moeke.nl/
Call log:
  - navigating to "https://www.moeke.nl/", waiting until "load"

2024-12-30 01:36:14,236 - WARNING - Failed to scrape https://www.moeke.nl after 3 retries.
2024-12-30 01:36:14,939 - INFO - Attempting to scrape https://www.restaurantlongisland.nl (Retry 1/3)
2024-12-30 01:36:22,958 - ERROR - Error scraping https://www.restaurantlongisland.nl: Page.goto: net::ERR_TIMED_OUT at https://www.restaurantlongisland.nl/
Call log:
  - navigating to "https://www.restaurantlongisland.nl/", waiting until "load"

2024-12-30 01:36:27,972 - INFO - Attempting to scrape https://www.restaurantlongisland.nl (Retry 2/3)
2024-12-30 01:36:35,990 - ERROR - Error scraping https://www.restaurantlongisland.nl: Page.goto: net::ERR_TIMED_OUT at https://www.restaurantlongisland.nl/
Call log:
  - navigating to "https://www.restaurantlongisland.nl/", waiting until "load"

2024-12-30 01:36:41,000 - INFO - Attempting to scrape https://www.restaurantlongisland.nl (Retry 3/3)
2024-12-30 01:36:52,539 - ERROR - Error scraping https://www.restaurantlongisland.nl: Page.goto: net::ERR_CERT_AUTHORITY_INVALID at https://www.restaurantlongisland.nl/
Call log:
  - navigating to "https://www.restaurantlongisland.nl/", waiting until "load"

2024-12-30 01:36:52,539 - WARNING - Failed to scrape https://www.restaurantlongisland.nl after 3 retries.
2024-12-30 15:00:41,453 - INFO - data size: 3177
2024-12-30 15:00:41,454 - INFO - Using: 10 processors
2024-12-30 15:02:51,242 - INFO - data size: 3177
2024-12-30 15:02:51,243 - INFO - Using: 10 processors
2024-12-30 15:03:13,063 - INFO - data size: 3177
2024-12-30 15:03:13,063 - INFO - Using: 10 processors
